[2025-10-03 13:19:44] >>> START code/fda_02_limma_drug.R
Bioconductor version '3.18' is out-of-date; the current release version '3.21'
  is available with R version '4.5'; see https://bioconductor.org/install
Loading required package: ggplot2
Loading required package: ggrepel
Welcome! Want to learn more? See two factoextra-related books at https://goo.gl/ve3WBa

Attaching package: ‘dplyr’

The following objects are masked from ‘package:stats’:

    filter, lag

The following objects are masked from ‘package:base’:

    intersect, setdiff, setequal, union


Attaching package: ‘renv’

The following object is masked from ‘package:BiocManager’:

    install

The following objects are masked from ‘package:stats’:

    embed, update

The following objects are masked from ‘package:utils’:

    history, upgrade

The following objects are masked from ‘package:base’:

    autoload, load, remove

[[1]]
[1] "BiocManager" "stats"       "graphics"    "grDevices"   "utils"      
[6] "datasets"    "methods"     "base"       

[[2]]
[1] "limma"       "BiocManager" "stats"       "graphics"    "grDevices"  
[6] "utils"       "datasets"    "methods"     "base"       

[[3]]
 [1] "EnhancedVolcano" "ggrepel"         "ggplot2"         "limma"          
 [5] "BiocManager"     "stats"           "graphics"        "grDevices"      
 [9] "utils"           "datasets"        "methods"         "base"           

[[4]]
 [1] "factoextra"      "EnhancedVolcano" "ggrepel"         "ggplot2"        
 [5] "limma"           "BiocManager"     "stats"           "graphics"       
 [9] "grDevices"       "utils"           "datasets"        "methods"        
[13] "base"           

[[5]]
 [1] "factoextra"      "EnhancedVolcano" "ggrepel"         "ggplot2"        
 [5] "limma"           "BiocManager"     "stats"           "graphics"       
 [9] "grDevices"       "utils"           "datasets"        "methods"        
[13] "base"           

[[6]]
 [1] "dplyr"           "factoextra"      "EnhancedVolcano" "ggrepel"        
 [5] "ggplot2"         "limma"           "BiocManager"     "stats"          
 [9] "graphics"        "grDevices"       "utils"           "datasets"       
[13] "methods"         "base"           

[[7]]
 [1] "tidyr"           "dplyr"           "factoextra"      "EnhancedVolcano"
 [5] "ggrepel"         "ggplot2"         "limma"           "BiocManager"    
 [9] "stats"           "graphics"        "grDevices"       "utils"          
[13] "datasets"        "methods"         "base"           

[[8]]
 [1] "pheatmap"        "tidyr"           "dplyr"           "factoextra"     
 [5] "EnhancedVolcano" "ggrepel"         "ggplot2"         "limma"          
 [9] "BiocManager"     "stats"           "graphics"        "grDevices"      
[13] "utils"           "datasets"        "methods"         "base"           

[[9]]
 [1] "grid"            "pheatmap"        "tidyr"           "dplyr"          
 [5] "factoextra"      "EnhancedVolcano" "ggrepel"         "ggplot2"        
 [9] "limma"           "BiocManager"     "stats"           "graphics"       
[13] "grDevices"       "utils"           "datasets"        "methods"        
[17] "base"           

[[10]]
 [1] "cowplot"         "grid"            "pheatmap"        "tidyr"          
 [5] "dplyr"           "factoextra"      "EnhancedVolcano" "ggrepel"        
 [9] "ggplot2"         "limma"           "BiocManager"     "stats"          
[13] "graphics"        "grDevices"       "utils"           "datasets"       
[17] "methods"         "base"           

[[11]]
 [1] "cowplot"         "grid"            "pheatmap"        "tidyr"          
 [5] "dplyr"           "factoextra"      "EnhancedVolcano" "ggrepel"        
 [9] "ggplot2"         "limma"           "BiocManager"     "stats"          
[13] "graphics"        "grDevices"       "utils"           "datasets"       
[17] "methods"         "base"           

[[12]]
 [1] "ggfortify"       "cowplot"         "grid"            "pheatmap"       
 [5] "tidyr"           "dplyr"           "factoextra"      "EnhancedVolcano"
 [9] "ggrepel"         "ggplot2"         "limma"           "BiocManager"    
[13] "stats"           "graphics"        "grDevices"       "utils"          
[17] "datasets"        "methods"         "base"           

[[13]]
 [1] "renv"            "ggfortify"       "cowplot"         "grid"           
 [5] "pheatmap"        "tidyr"           "dplyr"           "factoextra"     
 [9] "EnhancedVolcano" "ggrepel"         "ggplot2"         "limma"          
[13] "BiocManager"     "stats"           "graphics"        "grDevices"      
[17] "utils"           "datasets"        "methods"         "base"           

Warning messages:
1: package ‘BiocManager’ was built under R version 4.3.3 
2: package ‘ggplot2’ was built under R version 4.3.3 
3: package ‘ggrepel’ was built under R version 4.3.3 
4: package ‘pheatmap’ was built under R version 4.3.3 
5: package ‘cowplot’ was built under R version 4.3.3 
6: package ‘ggfortify’ was built under R version 4.3.3 
7: package ‘renv’ was built under R version 4.3.3 
All required packages are installed and loaded successfully!
Warning message:
The `size` argument of `element_line()` is deprecated as of ggplot2 3.4.0.
ℹ Please use the `linewidth` argument instead. 
null device 
          1 

real	0m2.799s
user	0m2.410s
sys	0m0.099s
[2025-10-03 13:19:47] >>> FINISH code/fda_02_limma_drug.R
