[2025-10-07 18:56:21] >>> START code/fda_01_globalvarianceanalysis.py
/usr/local/lib/python3.11/site-packages/seaborn/matrix.py:560: UserWarning: Clustering large matrix with scipy. Installing `fastcluster` may give better performance.
  warnings.warn(msg)
/usr/local/lib/python3.11/site-packages/seaborn/matrix.py:560: UserWarning: Clustering large matrix with scipy. Installing `fastcluster` may give better performance.
  warnings.warn(msg)
/workflow/code/fda_01_globalvarianceanalysis.py:70: FutureWarning: Setting an item of incompatible dtype is deprecated and will raise in a future error of pandas. Value 'Control' has dtype incompatible with float64, please explicitly cast to a compatible dtype first.
  metadata.loc[metadata['Drug'].isna(), 'Sample.Type'] = 'Control'
No artists with labels found to put in legend.  Note that artists whose label start with an underscore are ignored when legend() is called with no argument.
/workflow/code/fda_01_globalvarianceanalysis.py:162: FutureWarning: Series.__getitem__ treating keys as positions is deprecated. In a future version, integer keys will always be treated as labels (consistent with DataFrame behavior). To access a value by position, use `ser.iloc[pos]`
  plt.annotate(label, (df_pca['PC1'][i], df_pca['PC2'][i]), fontsize=9)
/workflow/code/fda_01_globalvarianceanalysis.py:177: FutureWarning: Series.__getitem__ treating keys as positions is deprecated. In a future version, integer keys will always be treated as labels (consistent with DataFrame behavior). To access a value by position, use `ser.iloc[pos]`
  plt.annotate(label, (df_pca['PC1'][i], df_pca['PC2'][i]), fontsize=9)
/workflow/code/fda_01_globalvarianceanalysis.py:189: UserWarning: Boolean Series key will be reindexed to match DataFrame index.
  DMSO_frame = device_summarystatistics.calculate_cv(pasef_summarized[metadata_encoded['DMSO']==True], 'dmso')
/workflow/code/fda_01_globalvarianceanalysis.py:190: UserWarning: Boolean Series key will be reindexed to match DataFrame index.
  drug_frame = device_summarystatistics.calculate_cv(pasef_summarized[~metadata_encoded['DMSO']==True], 'drug')
/usr/local/lib/python3.11/site-packages/seaborn/distributions.py:1176: UserWarning: The following kwargs were not used by contour: 'linewidth'
  cset = contour_func(

real	0m7.002s
user	0m22.020s
sys	0m0.392s
[2025-10-07 18:56:28] >>> FINISH code/fda_01_globalvarianceanalysis.py
