[2025-10-07 19:13:13] >>> START code/protacs_20_scores_v_degradation.py
No artists with labels found to put in legend.  Note that artists whose label start with an underscore are ignored when legend() is called with no argument.
         count      mean       std  ...       75%       max         chemistry
Cluster                             ...                                      
10         9.0  0.831197  0.265620  ...  1.000000  1.000000        AR-T5N-Pip
12        28.0  0.759706  0.270046  ...  1.000000  1.000000      AR-Other-Pip
14        25.0  0.688455  0.288552  ...  1.000000  1.000000      AR-L5N-Other
11        24.0  0.683494  0.297344  ...  1.000000  1.000000        AR-DHU-Pip
8          4.0  0.622169  0.355708  ...  0.875000  1.000000    AR-T6N/VHL-Pip
15        26.0  0.610077  0.322508  ...  0.957912  1.000000        AR-L5N-Pip
3          5.0  0.596154  0.324843  ...  0.833333  1.000000    AR-Other-Other
6          7.0  0.586996  0.361140  ...  0.916667  1.000000      AR-T5N-Other
7          3.0  0.341584  0.056148  ...  0.367367  0.401400   Txn-Other-Other
13        49.0  0.309223  0.250993  ...  0.333333  1.000000        Non PROTAC
9          7.0  0.308159  0.140333  ...  0.325353  0.583333      AR-T6N-Other
4          3.0  0.296422  0.260369  ...  0.407051  0.583333  Txn-VHL/6N-Other
1          7.0  0.281136  0.133257  ...  0.230769  0.583333      AR-VHL-Other
5          8.0  0.262797  0.148221  ...  0.256410  0.583333     AR-VHL-Indole
2          8.0  0.232447  0.051330  ...  0.230769  0.333333     AR-T6N-Indole

[15 rows x 9 columns]

real	0m1.284s
user	0m6.239s
sys	0m0.095s
[2025-10-07 19:13:14] >>> FINISH code/protacs_20_scores_v_degradation.py
