[2025-10-07 19:13:10] >>> START code/protacs_19_pheatmap_topweights_analogs.R
Loading required package: grid
========================================
ComplexHeatmap version 2.18.0
Bioconductor page: http://bioconductor.org/packages/ComplexHeatmap/
Github page: https://github.com/jokergoo/ComplexHeatmap
Documentation: http://jokergoo.github.io/ComplexHeatmap-reference

If you use it in published research, please cite either one:
- Gu, Z. Complex Heatmap Visualization. iMeta 2022.
- Gu, Z. Complex heatmaps reveal patterns and correlations in multidimensional 
    genomic data. Bioinformatics 2016.


The new InteractiveComplexHeatmap package can directly export static 
complex heatmaps into an interactive Shiny app with zero effort. Have a try!

This message can be suppressed by:
  suppressPackageStartupMessages(library(ComplexHeatmap))
========================================
! pheatmap() has been masked by ComplexHeatmap::pheatmap(). Most of the arguments
   in the original pheatmap() are identically supported in the new function. You 
   can still use the original function by explicitly calling pheatmap::pheatmap().


Attaching package: ‘ComplexHeatmap’

The following object is masked from ‘package:pheatmap’:

    pheatmap

[[1]]
[1] "ggplot2"   "stats"     "graphics"  "grDevices" "utils"     "datasets" 
[7] "methods"   "base"     

[[2]]
[1] "RColorBrewer" "ggplot2"      "stats"        "graphics"     "grDevices"   
[6] "utils"        "datasets"     "methods"      "base"        

[[3]]
 [1] "pheatmap"     "RColorBrewer" "ggplot2"      "stats"        "graphics"    
 [6] "grDevices"    "utils"        "datasets"     "methods"      "base"        

[[4]]
 [1] "ComplexHeatmap" "grid"           "pheatmap"       "RColorBrewer"  
 [5] "ggplot2"        "stats"          "graphics"       "grDevices"     
 [9] "utils"          "datasets"       "methods"        "base"          

All required packages are installed and loaded successfully!
null device 
          1 

real	0m2.347s
user	0m2.546s
sys	0m0.746s
[2025-10-07 19:13:13] >>> FINISH code/protacs_19_pheatmap_topweights_analogs.R
