[2025-10-07 19:02:23] >>> START code/protacs_03_azmetadata_dendrogram.R
'getOption("repos")' replaces Bioconductor standard repositories, see
'help("repositories", package = "BiocManager")' for details.
Replacement repositories:
    CRAN: https://p3m.dev/cran/2024-04-23
Bioconductor version 3.18 (BiocManager 1.30.26), R 4.3.3 (2024-02-29)
Installing package(s) 'ggtree'
also installing the dependencies ‘gridGraphics’, ‘ggplotify’, ‘patchwork’, ‘aplot’, ‘ggfun’, ‘yulab.utils’, ‘tidytree’, ‘treeio’

trying URL 'https://p3m.dev/cran/2024-04-23/src/contrib/gridGraphics_0.5-1.tar.gz'
Content type 'application/x-tar' length 69245 bytes (67 KB)
==================================================
downloaded 67 KB

trying URL 'https://p3m.dev/cran/2024-04-23/src/contrib/ggplotify_0.1.2.tar.gz'
Content type 'binary/octet-stream' length 118122 bytes (115 KB)
==================================================
downloaded 115 KB

trying URL 'https://p3m.dev/cran/2024-04-23/src/contrib/patchwork_1.2.0.tar.gz'
Content type 'binary/octet-stream' length 3284181 bytes (3.1 MB)
==================================================
downloaded 3.1 MB

trying URL 'https://p3m.dev/cran/2024-04-23/src/contrib/aplot_0.2.2.tar.gz'
Content type 'binary/octet-stream' length 25334 bytes (24 KB)
==================================================
downloaded 24 KB

trying URL 'https://p3m.dev/cran/2024-04-23/src/contrib/ggfun_0.1.4.tar.gz'
Content type 'binary/octet-stream' length 99917 bytes (97 KB)
==================================================
downloaded 97 KB

trying URL 'https://p3m.dev/cran/2024-04-23/src/contrib/yulab.utils_0.1.4.tar.gz'
Content type 'binary/octet-stream' length 15817 bytes (15 KB)
==================================================
downloaded 15 KB

trying URL 'https://p3m.dev/cran/2024-04-23/src/contrib/tidytree_0.4.6.tar.gz'
Content type 'application/x-tar' length 79941 bytes (78 KB)
==================================================
downloaded 78 KB

trying URL 'https://bioconductor.org/packages/3.18/bioc/src/contrib/treeio_1.26.0.tar.gz'
Content type 'application/gzip' length 692839 bytes (676 KB)
==================================================
downloaded 676 KB

trying URL 'https://bioconductor.org/packages/3.18/bioc/src/contrib/ggtree_3.10.1.tar.gz'
Content type 'application/gzip' length 362597 bytes (354 KB)
==================================================
downloaded 354 KB

* installing *source* package ‘gridGraphics’ ...
** package ‘gridGraphics’ successfully unpacked and MD5 sums checked
** using staged installation
** R
** inst
** byte-compile and prepare package for lazy loading
** help
*** installing help indices
** building package indices
** testing if installed package can be loaded from temporary location
** testing if installed package can be loaded from final location
** testing if installed package keeps a record of temporary installation path
* DONE (gridGraphics)
* installing *source* package ‘patchwork’ ...
** package ‘patchwork’ successfully unpacked and MD5 sums checked
** using staged installation
** R
** inst
** byte-compile and prepare package for lazy loading
** help
*** installing help indices
*** copying figures
** building package indices
** installing vignettes
** testing if installed package can be loaded from temporary location
** testing if installed package can be loaded from final location
** testing if installed package keeps a record of temporary installation path
* DONE (patchwork)
* installing *source* package ‘ggfun’ ...
** package ‘ggfun’ successfully unpacked and MD5 sums checked
** using staged installation
** R
** inst
** byte-compile and prepare package for lazy loading
** help
*** installing help indices
** building package indices
** installing vignettes
** testing if installed package can be loaded from temporary location
** testing if installed package can be loaded from final location
** testing if installed package keeps a record of temporary installation path
* DONE (ggfun)
* installing *source* package ‘yulab.utils’ ...
** package ‘yulab.utils’ successfully unpacked and MD5 sums checked
** using staged installation
** R
** byte-compile and prepare package for lazy loading
** help
*** installing help indices
** building package indices
** testing if installed package can be loaded from temporary location
** testing if installed package can be loaded from final location
** testing if installed package keeps a record of temporary installation path
* DONE (yulab.utils)
* installing *source* package ‘ggplotify’ ...
** package ‘ggplotify’ successfully unpacked and MD5 sums checked
** using staged installation
** R
** inst
** byte-compile and prepare package for lazy loading
** help
*** installing help indices
** building package indices
** installing vignettes
** testing if installed package can be loaded from temporary location
** testing if installed package can be loaded from final location
** testing if installed package keeps a record of temporary installation path
* DONE (ggplotify)
* installing *source* package ‘tidytree’ ...
** package ‘tidytree’ successfully unpacked and MD5 sums checked
** using staged installation
** R
** inst
** byte-compile and prepare package for lazy loading
** help
*** installing help indices
** building package indices
** installing vignettes
** testing if installed package can be loaded from temporary location
** testing if installed package can be loaded from final location
** testing if installed package keeps a record of temporary installation path
* DONE (tidytree)
* installing *source* package ‘aplot’ ...
** package ‘aplot’ successfully unpacked and MD5 sums checked
** using staged installation
** R
** inst
** byte-compile and prepare package for lazy loading
** help
*** installing help indices
** building package indices
** testing if installed package can be loaded from temporary location
** testing if installed package can be loaded from final location
** testing if installed package keeps a record of temporary installation path
* DONE (aplot)
* installing *source* package ‘treeio’ ...
** using staged installation
** R
** inst
** byte-compile and prepare package for lazy loading
** help
*** installing help indices
*** copying figures
** building package indices
** installing vignettes
** testing if installed package can be loaded from temporary location
** testing if installed package can be loaded from final location
** testing if installed package keeps a record of temporary installation path
* DONE (treeio)
* installing *source* package ‘ggtree’ ...
** using staged installation
** R
** inst
** byte-compile and prepare package for lazy loading
** help
*** installing help indices
** building package indices
** installing vignettes
** testing if installed package can be loaded from temporary location
** testing if installed package can be loaded from final location
** testing if installed package keeps a record of temporary installation path
* DONE (ggtree)

The downloaded source packages are in
	‘/tmp/RtmpZkTUmX/downloaded_packages’
'getOption("repos")' replaces Bioconductor standard repositories, see
'help("repositories", package = "BiocManager")' for details.
Replacement repositories:
    CRAN: https://p3m.dev/cran/2024-04-23
Bioconductor version 3.18 (BiocManager 1.30.26), R 4.3.3 (2024-02-29)
Installing package(s) 'ggtreeExtra'
trying URL 'https://bioconductor.org/packages/3.18/bioc/src/contrib/ggtreeExtra_1.12.0.tar.gz'
Content type 'application/gzip' length 527917 bytes (515 KB)
==================================================
downloaded 515 KB

* installing *source* package ‘ggtreeExtra’ ...
** using staged installation
** R
** inst
** byte-compile and prepare package for lazy loading
** help
*** installing help indices
** building package indices
** installing vignettes
** testing if installed package can be loaded from temporary location
** testing if installed package can be loaded from final location
** testing if installed package keeps a record of temporary installation path
* DONE (ggtreeExtra)

The downloaded source packages are in
	‘/tmp/RtmpZkTUmX/downloaded_packages’
ggtree v3.10.1 For help: https://yulab-smu.top/treedata-book/

If you use the ggtree package suite in published research, please cite
the appropriate paper(s):

Guangchuang Yu, David Smith, Huachen Zhu, Yi Guan, Tommy Tsan-Yuk Lam.
ggtree: an R package for visualization and annotation of phylogenetic
trees with their covariates and other associated data. Methods in
Ecology and Evolution. 2017, 8(1):28-36. doi:10.1111/2041-210X.12628

LG Wang, TTY Lam, S Xu, Z Dai, L Zhou, T Feng, P Guo, CW Dunn, BR
Jones, T Bradley, H Zhu, Y Guan, Y Jiang, G Yu. treeio: an R package
for phylogenetic tree input and output with richly annotated and
associated data. Molecular Biology and Evolution. 2020, 37(2):599-603.
doi: 10.1093/molbev/msz240

Guangchuang Yu. Using ggtree to visualize data on tree-like structures.
Current Protocols in Bioinformatics. 2020, 69:e96. doi:10.1002/cpbi.96

Attaching package: ‘ggtree’

The following object is masked from ‘package:ape’:

    rotate

ggtreeExtra v1.12.0 For help: https://yulab-smu.top/treedata-book/

If you use the ggtree package suite in published research, please cite
the appropriate paper(s):

S Xu, Z Dai, P Guo, X Fu, S Liu, L Zhou, W Tang, T Feng, M Chen, L
Zhan, T Wu, E Hu, Y Jiang, X Bo, G Yu. ggtreeExtra: Compact
visualization of richly annotated phylogenetic data. Molecular Biology
and Evolution. 2021, 38(9):4039-4042. doi: 10.1093/molbev/msab166
[[1]]
[1] "ape"       "stats"     "graphics"  "grDevices" "utils"     "datasets" 
[7] "methods"   "base"     

[[2]]
[1] "ggplot2"   "ape"       "stats"     "graphics"  "grDevices" "utils"    
[7] "datasets"  "methods"   "base"     

[[3]]
 [1] "RColorBrewer" "ggplot2"      "ape"          "stats"        "graphics"    
 [6] "grDevices"    "utils"        "datasets"     "methods"      "base"        

[[4]]
 [1] "ggnewscale"   "RColorBrewer" "ggplot2"      "ape"          "stats"       
 [6] "graphics"     "grDevices"    "utils"        "datasets"     "methods"     
[11] "base"        

[[5]]
 [1] "ggtree"       "ggnewscale"   "RColorBrewer" "ggplot2"      "ape"         
 [6] "stats"        "graphics"     "grDevices"    "utils"        "datasets"    
[11] "methods"      "base"        

[[6]]
 [1] "ggtreeExtra"  "ggtree"       "ggnewscale"   "RColorBrewer" "ggplot2"     
 [6] "ape"          "stats"        "graphics"     "grDevices"    "utils"       
[11] "datasets"     "methods"      "base"        

All required packages are installed and loaded successfully!
null device 
          1 

real	0m43.970s
user	0m29.400s
sys	0m5.239s
[2025-10-07 19:03:07] >>> FINISH code/protacs_03_azmetadata_dendrogram.R
