[2025-10-07 19:03:15] >>> START code/protacs_05_limma_cluster_0p1.R

Attaching package: ‘dplyr’

The following objects are masked from ‘package:stats’:

    filter, lag

The following objects are masked from ‘package:base’:

    intersect, setdiff, setequal, union

Loading required package: ggrepel
[[1]]
[1] "ggplot2"   "stats"     "graphics"  "grDevices" "utils"     "datasets" 
[7] "methods"   "base"     

[[2]]
[1] "dplyr"     "ggplot2"   "stats"     "graphics"  "grDevices" "utils"    
[7] "datasets"  "methods"   "base"     

[[3]]
 [1] "tidyr"     "dplyr"     "ggplot2"   "stats"     "graphics"  "grDevices"
 [7] "utils"     "datasets"  "methods"   "base"     

[[4]]
 [1] "pheatmap"  "tidyr"     "dplyr"     "ggplot2"   "stats"     "graphics" 
 [7] "grDevices" "utils"     "datasets"  "methods"   "base"     

[[5]]
 [1] "grid"      "pheatmap"  "tidyr"     "dplyr"     "ggplot2"   "stats"    
 [7] "graphics"  "grDevices" "utils"     "datasets"  "methods"   "base"     

[[6]]
 [1] "cowplot"   "grid"      "pheatmap"  "tidyr"     "dplyr"     "ggplot2"  
 [7] "stats"     "graphics"  "grDevices" "utils"     "datasets"  "methods"  
[13] "base"     

[[7]]
 [1] "limma"     "cowplot"   "grid"      "pheatmap"  "tidyr"     "dplyr"    
 [7] "ggplot2"   "stats"     "graphics"  "grDevices" "utils"     "datasets" 
[13] "methods"   "base"     

[[8]]
 [1] "EnhancedVolcano" "ggrepel"         "limma"           "cowplot"        
 [5] "grid"            "pheatmap"        "tidyr"           "dplyr"          
 [9] "ggplot2"         "stats"           "graphics"        "grDevices"      
[13] "utils"           "datasets"        "methods"         "base"           

All required packages are installed and loaded successfully!
Warning message:
The `size` argument of `element_line()` is deprecated as of ggplot2 3.4.0.
ℹ Please use the `linewidth` argument instead. 
null device 
          1 

real	0m46.450s
user	0m46.729s
sys	0m1.815s
[2025-10-07 19:04:01] >>> FINISH code/protacs_05_limma_cluster_0p1.R
