[2025-10-07 18:58:42] >>> START code/protacs_01_globalvarianceanalysis.py
/usr/local/lib/python3.11/site-packages/seaborn/matrix.py:560: UserWarning: Clustering large matrix with scipy. Installing `fastcluster` may give better performance.
  warnings.warn(msg)
/usr/local/lib/python3.11/site-packages/seaborn/matrix.py:560: UserWarning: Clustering large matrix with scipy. Installing `fastcluster` may give better performance.
  warnings.warn(msg)
/usr/local/lib/python3.11/site-packages/seaborn/distributions.py:1176: UserWarning: The following kwargs were not used by contour: 'linewidth'
  cset = contour_func(
No artists with labels found to put in legend.  Note that artists whose label start with an underscore are ignored when legend() is called with no argument.
/workflow/code/protacs_01_globalvarianceanalysis.py:292: DeprecationWarning: processes is deprecated; use threads
  gsea_results = gp.prerank(rnk=x,
/workflow/code/protacs_01_globalvarianceanalysis.py:292: DeprecationWarning: processes is deprecated; use threads
  gsea_results = gp.prerank(rnk=x,
/workflow/code/protacs_01_globalvarianceanalysis.py:292: DeprecationWarning: processes is deprecated; use threads
  gsea_results = gp.prerank(rnk=x,
/workflow/code/protacs_01_globalvarianceanalysis.py:358: FutureWarning: DataFrame.applymap has been deprecated. Use DataFrame.map instead.
  df_numeric = df[df[['PC1_FDR', 'PC2_FDR', 'PC3_FDR']].applymap(np.isreal)]
/workflow/code/protacs_01_globalvarianceanalysis.py:389: SettingWithCopyWarning: 
A value is trying to be set on a copy of a slice from a DataFrame.
Try using .loc[row_indexer,col_indexer] = value instead

See the caveats in the documentation: https://pandas.pydata.org/pandas-docs/stable/user_guide/indexing.html#returning-a-view-versus-a-copy
  subset_df['Size'] = -np.log10(subset_df[fdr_column]) * 200
/workflow/code/protacs_01_globalvarianceanalysis.py:389: SettingWithCopyWarning: 
A value is trying to be set on a copy of a slice from a DataFrame.
Try using .loc[row_indexer,col_indexer] = value instead

See the caveats in the documentation: https://pandas.pydata.org/pandas-docs/stable/user_guide/indexing.html#returning-a-view-versus-a-copy
  subset_df['Size'] = -np.log10(subset_df[fdr_column]) * 200
/workflow/code/protacs_01_globalvarianceanalysis.py:389: SettingWithCopyWarning: 
A value is trying to be set on a copy of a slice from a DataFrame.
Try using .loc[row_indexer,col_indexer] = value instead

See the caveats in the documentation: https://pandas.pydata.org/pandas-docs/stable/user_guide/indexing.html#returning-a-view-versus-a-copy
  subset_df['Size'] = -np.log10(subset_df[fdr_column]) * 200
/workflow/code/protacs_01_globalvarianceanalysis.py:410: DeprecationWarning: processes is deprecated; use threads
  gseaPC1 = gp.prerank(rnk=pc1_loadings,
/workflow/code/protacs_01_globalvarianceanalysis.py:418: DeprecationWarning: processes is deprecated; use threads
  gseaPC2 = gp.prerank(rnk=pc2_loadings,
/workflow/code/protacs_01_globalvarianceanalysis.py:425: DeprecationWarning: processes is deprecated; use threads
  gseaPC3 = gp.prerank(rnk=pc3_loadings,
                                                     PC1_NES  ...  PC3_FDR
Term                                                          ...         
GOBP_BRANCHED_CHAIN_AMINO_ACID_CATABOLIC_PROCESS         NaN  ...      NaN
GOBP_BRANCHED_CHAIN_AMINO_ACID_METABOLIC_PROCESS    3.754968  ...      NaN
GOBP_CHAPERONE_MEDIATED_PROTEIN_FOLDING            -2.105063  ...      NaN
GOBP_DNA_REPLICATION_INITIATION                    -2.099675  ...      NaN
GOBP_RNA_SPLICING                                        NaN  ...      0.0
GOBP_RNA_SPLICING_VIA_TRANSESTERIFICATION_REACT...       NaN  ...      0.0
GOBP_TOXIN_TRANSPORT                               -2.120899  ...      NaN
GOBP_TRICARBOXYLIC_ACID_CYCLE                            NaN  ...      NaN
GOCC_INNER_MITOCHONDRIAL_MEMBRANE_PROTEIN_COMPLEX   3.590301  ...      NaN
GOCC_MITOCHONDRIAL_ENVELOPE                              NaN  ...      0.0
GOCC_MITOCHONDRIAL_MATRIX                                NaN  ...      NaN
GOCC_MITOCHONDRIAL_PROTEIN_CONTAINING_COMPLEX            NaN  ...      0.0
GOCC_NUCLEAR_REPLICATION_FORK                            NaN  ...      NaN
GOCC_ORGANELLE_INNER_MEMBRANE                            NaN  ...      0.0
GOCC_PROTEASOME_COMPLEX                                  NaN  ...      0.0
GOCC_REPLICATION_FORK                                    NaN  ...      NaN
HP_ABNORMALITY_OF_THE_MITOCHONDRION                 3.857286  ...      NaN

[17 rows x 6 columns]

real	3m40.557s
user	10m48.379s
sys	0m8.468s
[2025-10-07 19:02:23] >>> FINISH code/protacs_01_globalvarianceanalysis.py
